<?xml version="1.0" encoding="UTF-8"?>
<!-- Generated by org.testng.reporters.JUnitXMLReporter -->
<testsuite ignored="0" hostname="Venkateshs-MacBook-Air.local" failures="0" tests="4" name="Test" time="29.794" errors="0" timestamp="2023-09-14T16:39:46 BST">
  <testcase classname="tests.FourTest" name="testFour" time="8.482"/>
  <testcase classname="tests.TwoTest" name="testTwo" time="6.507"/>
  <testcase classname="tests.LoginTest" name="login" time="3.725"/>
  <testcase classname="tests.ThreeTest" name="testThree" time="6.526"/>
</testsuite> <!-- Test -->
