<?xml version="1.0" encoding="UTF-8"?>
<!-- Generated by org.testng.reporters.JUnitXMLReporter -->
<testsuite ignored="0" hostname="Venkateshs-MacBook-Air.local" failures="0" tests="5" name="Test" time="28.229" errors="0" timestamp="2023-09-14T01:05:18 BST">
  <testcase classname="tests.FourTest" name="testFour" time="0.002"/>
  <testcase classname="tests.TwoTest" name="testTwo" time="0.0"/>
  <testcase classname="tests.LoginTest" name="login" time="8.023"/>
  <testcase classname="tests.LoginTest" name="login" time="9.973"/>
  <testcase classname="tests.ThreeTest" name="testThree" time="0.001"/>
</testsuite> <!-- Test -->
